<?xml version="1.0" encoding="UTF-8"?>
<testsuite xmlns:xsi="http://www.w3.org/2001/XMLSchema-instance" xsi:noNamespaceSchemaLocation="https://maven.apache.org/surefire/maven-surefire-plugin/xsd/surefire-test-report-3.0.xsd" version="3.0" name="com.sreeramtraders.springbootdockerization.ProcessScenarioTest" time="0.408" tests="1" errors="0" skipped="1" failures="0">
  <properties>
[...]
</properties>
  <testcase name="testHappyPath" classname="com.sreeramtraders.springbootdockerization.ProcessScenarioTest" time="0">
    <skipped message="public void com.sreeramtraders.springbootdockerization.ProcessScenarioTest.testHappyPath() is @Disabled"/>
    <system-out><![CDATA[07:54:45.982 [main] INFO  o.s.b.t.c.SpringBootTestContextBootstrapper - Neither @ContextConfiguration nor @ContextHierarchy found for test class [com.sreeramtraders.springbootdockerization.ProcessScenarioTest], using SpringBootContextLoader
07:54:45.983 [main] INFO  o.s.t.c.s.AbstractContextLoader - Could not detect default resource locations for test class [com.sreeramtraders.springbootdockerization.ProcessScenarioTest]: no resource found for suffixes {-context.xml, Context.groovy}.
07:54:45.983 [main] INFO  o.s.t.c.s.AnnotationConfigContextLoaderUtils - Could not detect default configuration classes for test class [com.sreeramtraders.springbootdockerization.ProcessScenarioTest]: ProcessScenarioTest does not declare any static, non-private, non-final, nested classes annotated with @Configuration.
07:54:45.997 [main] INFO  o.s.b.t.c.SpringBootTestContextBootstrapper - Found @SpringBootConfiguration com.sreeramtraders.springbootdockerization.CamundaApplication for test class com.sreeramtraders.springbootdockerization.ProcessScenarioTest
07:54:46.005 [main] INFO  o.s.b.t.c.SpringBootTestContextBootstrapper - Loaded default TestExecutionListener class names from location [META-INF/spring.factories]: [org.springframework.boot.test.mock.mockito.MockitoTestExecutionListener, org.springframework.boot.test.mock.mockito.ResetMocksTestExecutionListener, org.springframework.boot.test.autoconfigure.restdocs.RestDocsTestExecutionListener, org.springframework.boot.test.autoconfigure.web.client.MockRestServiceServerResetTestExecutionListener, org.springframework.boot.test.autoconfigure.web.servlet.MockMvcPrintOnlyOnFailureTestExecutionListener, org.springframework.boot.test.autoconfigure.web.servlet.WebDriverTestExecutionListener, org.springframework.boot.test.autoconfigure.webservices.client.MockWebServiceServerTestExecutionListener, org.springframework.test.context.web.ServletTestExecutionListener, org.springframework.test.context.support.DirtiesContextBeforeModesTestExecutionListener, org.springframework.test.context.event.ApplicationEventsTestExecutionListener, org.springframework.test.context.support.DependencyInjectionTestExecutionListener, org.springframework.test.context.support.DirtiesContextTestExecutionListener, org.springframework.test.context.transaction.TransactionalTestExecutionListener, org.springframework.test.context.jdbc.SqlScriptsTestExecutionListener, org.springframework.test.context.event.EventPublishingTestExecutionListener, org.camunda.community.process_test_coverage.spring_test.platform7.ProcessEngineCoverageTestExecutionListener]
07:54:46.005 [main] INFO  o.s.b.t.c.SpringBootTestContextBootstrapper - Using TestExecutionListeners: [org.springframework.test.context.web.ServletTestExecutionListener@b56d8a7, org.springframework.test.context.support.DirtiesContextBeforeModesTestExecutionListener@13f36d75, org.springframework.test.context.event.ApplicationEventsTestExecutionListener@6de5ad56, org.springframework.boot.test.mock.mockito.MockitoTestExecutionListener@3155f190, org.springframework.boot.test.autoconfigure.SpringBootDependencyInjectionTestExecutionListener@cfb94fd, org.springframework.test.context.support.DirtiesContextTestExecutionListener@4ebd8d2, org.springframework.test.context.transaction.TransactionalTestExecutionListener@44a44a04, org.springframework.test.context.jdbc.SqlScriptsTestExecutionListener@5a63fa71, org.springframework.test.context.event.EventPublishingTestExecutionListener@a6fc1bc, org.springframework.boot.test.mock.mockito.ResetMocksTestExecutionListener@5018b56b, org.springframework.boot.test.autoconfigure.restdocs.RestDocsTestExecutionListener@360a3106, org.springframework.boot.test.autoconfigure.web.client.MockRestServiceServerResetTestExecutionListener@737ff5c4, org.springframework.boot.test.autoconfigure.web.servlet.MockMvcPrintOnlyOnFailureTestExecutionListener@7e9a836, org.springframework.boot.test.autoconfigure.web.servlet.WebDriverTestExecutionListener@124ff64d, org.springframework.boot.test.autoconfigure.webservices.client.MockWebServiceServerTestExecutionListener@75aa7703, org.camunda.community.process_test_coverage.spring_test.platform7.ProcessEngineCoverageTestExecutionListener@79777da7]
]]></system-out>
  </testcase>
</testsuite>