<?xml version="1.0" encoding="UTF-8"?>
<testsuite xmlns:xsi="http://www.w3.org/2001/XMLSchema-instance" xsi:noNamespaceSchemaLocation="https://maven.apache.org/surefire/maven-surefire-plugin/xsd/surefire-test-report-3.0.xsd" version="3.0" name="com.sreeramtraders.springbootdockerization.ProcessUnitTest" time="10.409" tests="1" errors="0" skipped="1" failures="0">
  <properties>
[...]
</properties>
  <testcase name="testHappyPath" classname="com.sreeramtraders.springbootdockerization.ProcessUnitTest" time="0">
    <skipped message="public void com.sreeramtraders.springbootdockerization.ProcessUnitTest.testHappyPath() is @Disabled"/>
    <system-out><![CDATA[07:54:32.733 [main] INFO  o.s.b.t.c.SpringBootTestContextBootstrapper - Neither @ContextConfiguration nor @ContextHierarchy found for test class [com.sreeramtraders.springbootdockerization.ProcessUnitTest], using SpringBootContextLoader
07:54:32.737 [main] INFO  o.s.t.c.s.AbstractContextLoader - Could not detect default resource locations for test class [com.sreeramtraders.springbootdockerization.ProcessUnitTest]: no resource found for suffixes {-context.xml, Context.groovy}.
07:54:32.738 [main] INFO  o.s.t.c.s.AnnotationConfigContextLoaderUtils - Could not detect default configuration classes for test class [com.sreeramtraders.springbootdockerization.ProcessUnitTest]: ProcessUnitTest does not declare any static, non-private, non-final, nested classes annotated with @Configuration.
07:54:32.857 [main] INFO  o.s.b.t.c.SpringBootTestContextBootstrapper - Found @SpringBootConfiguration com.sreeramtraders.springbootdockerization.CamundaApplication for test class com.sreeramtraders.springbootdockerization.ProcessUnitTest
07:54:32.962 [main] INFO  o.s.b.t.c.SpringBootTestContextBootstrapper - Loaded default TestExecutionListener class names from location [META-INF/spring.factories]: [org.springframework.boot.test.mock.mockito.MockitoTestExecutionListener, org.springframework.boot.test.mock.mockito.ResetMocksTestExecutionListener, org.springframework.boot.test.autoconfigure.restdocs.RestDocsTestExecutionListener, org.springframework.boot.test.autoconfigure.web.client.MockRestServiceServerResetTestExecutionListener, org.springframework.boot.test.autoconfigure.web.servlet.MockMvcPrintOnlyOnFailureTestExecutionListener, org.springframework.boot.test.autoconfigure.web.servlet.WebDriverTestExecutionListener, org.springframework.boot.test.autoconfigure.webservices.client.MockWebServiceServerTestExecutionListener, org.springframework.test.context.web.ServletTestExecutionListener, org.springframework.test.context.support.DirtiesContextBeforeModesTestExecutionListener, org.springframework.test.context.event.ApplicationEventsTestExecutionListener, org.springframework.test.context.support.DependencyInjectionTestExecutionListener, org.springframework.test.context.support.DirtiesContextTestExecutionListener, org.springframework.test.context.transaction.TransactionalTestExecutionListener, org.springframework.test.context.jdbc.SqlScriptsTestExecutionListener, org.springframework.test.context.event.EventPublishingTestExecutionListener, org.camunda.community.process_test_coverage.spring_test.platform7.ProcessEngineCoverageTestExecutionListener]
07:54:32.977 [main] INFO  o.s.b.t.c.SpringBootTestContextBootstrapper - Using TestExecutionListeners: [org.springframework.test.context.web.ServletTestExecutionListener@5a2d131d, org.springframework.test.context.support.DirtiesContextBeforeModesTestExecutionListener@14fc1f0, org.springframework.test.context.event.ApplicationEventsTestExecutionListener@4ae9cfc1, org.springframework.boot.test.mock.mockito.MockitoTestExecutionListener@512baff6, org.springframework.boot.test.autoconfigure.SpringBootDependencyInjectionTestExecutionListener@632ceb35, org.springframework.test.context.support.DirtiesContextTestExecutionListener@1c93f6e1, org.springframework.test.context.transaction.TransactionalTestExecutionListener@1800a575, org.springframework.test.context.jdbc.SqlScriptsTestExecutionListener@1458ed9c, org.springframework.test.context.event.EventPublishingTestExecutionListener@10a9d961, org.springframework.boot.test.mock.mockito.ResetMocksTestExecutionListener@130e116b, org.springframework.boot.test.autoconfigure.restdocs.RestDocsTestExecutionListener@e383572, org.springframework.boot.test.autoconfigure.web.client.MockRestServiceServerResetTestExecutionListener@5ddf0d24, org.springframework.boot.test.autoconfigure.web.servlet.MockMvcPrintOnlyOnFailureTestExecutionListener@363a52f, org.springframework.boot.test.autoconfigure.web.servlet.WebDriverTestExecutionListener@60856961, org.springframework.boot.test.autoconfigure.webservices.client.MockWebServiceServerTestExecutionListener@2fd953a6, org.camunda.community.process_test_coverage.spring_test.platform7.ProcessEngineCoverageTestExecutionListener@a4add54]

 ____                                 _         ____  _       _    __                      
/ ___| __ _ _ __ ___  _   _ _ __   __| | __ _  |  _ \| | __ _| |_ / _| ___  _ __ _ __ ___  
| |   / _` | '_ ` _ \| | | | '_ \ / _` |/ _` | | |_) | |/ _` | __| |_ / _ \| '__| '_ ` _ \ 
| |__| (_| | | | | | | |_| | | | | (_| | (_| | |  __/| | (_| | |_|  _| (_) | |  | | | | | |
\____/\__,_|_| |_| |_|\__,_|_| |_|\__,_|\__,_| |_|   |_|\__,_|\__|_|  \___/|_|  |_| |_| |_|

  Spring-Boot:  (v2.7.9)
  Camunda Platform: (v7.19.0)
  Camunda Platform Spring Boot Starter: (v7.19.0)

07:54:33.437 [background-preinit] DEBUG org.jboss.logging - Logging Provider: org.jboss.logging.Log4j2LoggerProvider
07:54:33.437 [background-preinit] INFO  o.h.validator.internal.util.Version - HV000001: Hibernate Validator 6.2.5.Final
07:54:33.440 [background-preinit] DEBUG o.h.v.i.x.config.ValidationXmlParser - Trying to load META-INF/validation.xml for XML based Validator configuration.
07:54:33.441 [background-preinit] DEBUG o.h.v.i.x.c.ResourceLoaderHelper - Trying to load META-INF/validation.xml via TCCL
07:54:33.441 [background-preinit] DEBUG o.h.v.i.x.c.ResourceLoaderHelper - Trying to load META-INF/validation.xml via Hibernate Validator's class loader
07:54:33.441 [background-preinit] DEBUG o.h.v.i.x.config.ValidationXmlParser - No META-INF/validation.xml found. Using annotation based configuration only.
07:54:33.442 [main] INFO  c.s.s.ProcessUnitTest - Starting ProcessUnitTest using Java 1.8.0_371 on Praneeths-MBP with PID 69833 (started by praneeththiruveedhula in /Users/praneeththiruveedhula/Work/workspace/Camunda/IdeaProjects/springboot-dockerization09)
07:54:33.442 [main] DEBUG c.s.s.ProcessUnitTest - Running with Spring Boot v2.7.9, Spring v5.3.25
07:54:33.443 [main] INFO  c.s.s.ProcessUnitTest - No active profile set, falling back to 1 default profile: "default"
07:54:33.443 [background-preinit] DEBUG o.h.v.i.e.r.TraversableResolvers - Cannot find javax.persistence.Persistence on classpath. Assuming non JPA 2 environment. All properties will per default be traversable.
07:54:33.466 [background-preinit] DEBUG o.h.v.m.ResourceBundleMessageInterpolator - Loaded expression factory via original TCCL
07:54:33.611 [background-preinit] DEBUG o.h.v.i.e.ValidatorFactoryConfigurationHelper - HV000252: Using org.hibernate.validator.internal.engine.DefaultPropertyNodeNameProvider as property node name provider.
07:54:33.616 [background-preinit] DEBUG o.h.v.i.e.ValidatorFactoryConfigurationHelper - HV000234: Using org.hibernate.validator.messageinterpolation.ResourceBundleMessageInterpolator as ValidatorFactory-scoped message interpolator.
07:54:33.616 [background-preinit] DEBUG o.h.v.i.e.ValidatorFactoryConfigurationHelper - HV000234: Using org.hibernate.validator.internal.engine.resolver.TraverseAllTraversableResolver as ValidatorFactory-scoped traversable resolver.
07:54:33.616 [background-preinit] DEBUG o.h.v.i.e.ValidatorFactoryConfigurationHelper - HV000234: Using org.hibernate.validator.internal.util.ExecutableParameterNameProvider as ValidatorFactory-scoped parameter name provider.
07:54:33.616 [background-preinit] DEBUG o.h.v.i.e.ValidatorFactoryConfigurationHelper - HV000234: Using org.hibernate.validator.internal.engine.DefaultClockProvider as ValidatorFactory-scoped clock provider.
07:54:33.616 [background-preinit] DEBUG o.h.v.i.e.ValidatorFactoryConfigurationHelper - HV000234: Using org.hibernate.validator.internal.engine.scripting.DefaultScriptEvaluatorFactory as ValidatorFactory-scoped script evaluator factory.
07:54:35.195 [main] DEBUG com.zaxxer.hikari.HikariConfig - Driver class org.h2.Driver found in Thread context class loader sun.misc.Launcher$AppClassLoader@42a57993
07:54:35.495 [main] INFO  org.camunda.bpm.engine.cfg - ENGINE-12003 Plugin 'CompositeProcessEnginePlugin[genericPropertiesConfiguration, camundaProcessEngineConfiguration, camundaDatasourceConfiguration, camundaHistoryConfiguration, camundaMetricsConfiguration, camundaAuthorizationConfiguration, failedJobConfiguration, camundaConfiguration, disableDeploymentResourcePattern, eventPublisherPlugin, ApplicationContextClassloaderSwitchPlugin, SpringBootSpinProcessEnginePlugin]' activated on process engine 'default'
07:54:35.516 [main] INFO  org.camunda.bpm.spring.boot - STARTER-SB020 ProcessApplication enabled: autoDeployment via springConfiguration#deploymentResourcePattern is disabled
07:54:35.517 [main] INFO  o.c.b.s.b.s.e.EventPublisherPlugin - EVENTING-001: Initialized Camunda Spring Boot Eventing Engine Plugin.
07:54:35.517 [main] INFO  o.c.b.s.b.s.e.EventPublisherPlugin - EVENTING-003: Task events will be published as Spring Events.
07:54:35.517 [main] INFO  o.c.b.s.b.s.e.EventPublisherPlugin - EVENTING-005: Execution events will be published as Spring Events.
07:54:35.517 [main] INFO  o.c.b.s.b.s.e.EventPublisherPlugin - EVENTING-009: Listeners will not be invoked if a skipCustomListeners API parameter is set to true by user.
07:54:35.520 [main] INFO  o.c.b.s.b.s.e.EventPublisherPlugin - EVENTING-007: History events will be published as Spring events.
07:54:35.524 [main] INFO  org.camunda.spin - SPIN-01010 Discovered Spin data format provider: org.camunda.spin.impl.json.jackson.format.JacksonJsonDataFormatProvider[name = application/json]
07:54:35.650 [main] INFO  org.camunda.spin - SPIN-01010 Discovered Spin data format provider: org.camunda.spin.impl.xml.dom.format.DomXmlDataFormatProvider[name = application/xml]
07:54:35.747 [main] INFO  org.camunda.spin - SPIN-01009 Discovered Spin data format: org.camunda.spin.impl.xml.dom.format.DomXmlDataFormat[name = application/xml]
07:54:35.747 [main] INFO  org.camunda.spin - SPIN-01009 Discovered Spin data format: org.camunda.spin.impl.json.jackson.format.JacksonJsonDataFormat[name = application/json]
07:54:35.814 [main] INFO  org.camunda.bpm.dmn.feel.scala - FEEL/SCALA-01001 Spin value mapper detected
07:54:35.927 [main] INFO  org.camunda.feel.FeelEngine - Engine created. [value-mapper: CompositeValueMapper(List(org.camunda.feel.impl.JavaValueMapper@1984212d, org.camunda.spin.plugin.impl.feel.integration.SpinValueMapper@39f5b723)), function-provider: org.camunda.bpm.dmn.feel.impl.scala.function.CustomFunctionTransformer@3ddb774f, clock: SystemClock, configuration: Configuration(false)]
07:54:35.990 [main] DEBUG com.zaxxer.hikari.HikariConfig - HikariPool-1 - configuration:
07:54:35.994 [main] DEBUG com.zaxxer.hikari.HikariConfig - allowPoolSuspension................................false
07:54:35.995 [main] DEBUG com.zaxxer.hikari.HikariConfig - autoCommit................................true
07:54:35.995 [main] DEBUG com.zaxxer.hikari.HikariConfig - catalog................................none
07:54:35.995 [main] DEBUG com.zaxxer.hikari.HikariConfig - connectionInitSql................................none
07:54:35.995 [main] DEBUG com.zaxxer.hikari.HikariConfig - connectionTestQuery................................none
07:54:35.995 [main] DEBUG com.zaxxer.hikari.HikariConfig - connectionTimeout................................30000
07:54:35.995 [main] DEBUG com.zaxxer.hikari.HikariConfig - dataSource................................none
07:54:35.995 [main] DEBUG com.zaxxer.hikari.HikariConfig - dataSourceClassName................................none
07:54:35.995 [main] DEBUG com.zaxxer.hikari.HikariConfig - dataSourceJNDI................................none
07:54:35.996 [main] DEBUG com.zaxxer.hikari.HikariConfig - dataSourceProperties................................{password=<masked>}
07:54:35.996 [main] DEBUG com.zaxxer.hikari.HikariConfig - driverClassName................................"org.h2.Driver"
07:54:35.996 [main] DEBUG com.zaxxer.hikari.HikariConfig - exceptionOverrideClassName................................none
07:54:35.996 [main] DEBUG com.zaxxer.hikari.HikariConfig - healthCheckProperties................................{}
07:54:35.996 [main] DEBUG com.zaxxer.hikari.HikariConfig - healthCheckRegistry................................none
07:54:35.997 [main] DEBUG com.zaxxer.hikari.HikariConfig - idleTimeout................................600000
07:54:35.997 [main] DEBUG com.zaxxer.hikari.HikariConfig - initializationFailTimeout................................1
07:54:35.997 [main] DEBUG com.zaxxer.hikari.HikariConfig - isolateInternalQueries................................false
07:54:35.997 [main] DEBUG com.zaxxer.hikari.HikariConfig - jdbcUrl................................jdbc:h2:mem:camunda-spring-boot-test;DB_CLOSE_ON_EXIT=false
07:54:35.997 [main] DEBUG com.zaxxer.hikari.HikariConfig - keepaliveTime................................0
07:54:35.998 [main] DEBUG com.zaxxer.hikari.HikariConfig - leakDetectionThreshold................................0
07:54:35.998 [main] DEBUG com.zaxxer.hikari.HikariConfig - maxLifetime................................1800000
07:54:35.998 [main] DEBUG com.zaxxer.hikari.HikariConfig - maximumPoolSize................................10
07:54:35.998 [main] DEBUG com.zaxxer.hikari.HikariConfig - metricRegistry................................none
07:54:35.998 [main] DEBUG com.zaxxer.hikari.HikariConfig - metricsTrackerFactory................................none
07:54:35.998 [main] DEBUG com.zaxxer.hikari.HikariConfig - minimumIdle................................10
07:54:35.999 [main] DEBUG com.zaxxer.hikari.HikariConfig - password................................<masked>
07:54:36.000 [main] DEBUG com.zaxxer.hikari.HikariConfig - poolName................................"HikariPool-1"
07:54:36.000 [main] DEBUG com.zaxxer.hikari.HikariConfig - readOnly................................false
07:54:36.000 [main] DEBUG com.zaxxer.hikari.HikariConfig - registerMbeans................................false
07:54:36.000 [main] DEBUG com.zaxxer.hikari.HikariConfig - scheduledExecutor................................none
07:54:36.000 [main] DEBUG com.zaxxer.hikari.HikariConfig - schema................................none
07:54:36.000 [main] DEBUG com.zaxxer.hikari.HikariConfig - threadFactory................................internal
07:54:36.000 [main] DEBUG com.zaxxer.hikari.HikariConfig - transactionIsolation................................default
07:54:36.000 [main] DEBUG com.zaxxer.hikari.HikariConfig - username................................"sa"
07:54:36.000 [main] DEBUG com.zaxxer.hikari.HikariConfig - validationTimeout................................5000
07:54:36.000 [main] INFO  com.zaxxer.hikari.HikariDataSource - HikariPool-1 - Starting...
07:54:36.215 [main] DEBUG com.zaxxer.hikari.pool.HikariPool - HikariPool-1 - Added connection conn0: url=jdbc:h2:mem:camunda-spring-boot-test user=SA
07:54:36.217 [main] INFO  com.zaxxer.hikari.HikariDataSource - HikariPool-1 - Start completed.
07:54:36.323 [HikariPool-1 housekeeper] DEBUG com.zaxxer.hikari.pool.HikariPool - HikariPool-1 - Pool stats (total=1, active=0, idle=1, waiting=0)
07:54:36.330 [HikariPool-1 connection adder] DEBUG com.zaxxer.hikari.pool.HikariPool - HikariPool-1 - Added connection conn1: url=jdbc:h2:mem:camunda-spring-boot-test user=SA
07:54:36.331 [HikariPool-1 connection adder] DEBUG com.zaxxer.hikari.pool.HikariPool - HikariPool-1 - Added connection conn2: url=jdbc:h2:mem:camunda-spring-boot-test user=SA
07:54:36.332 [HikariPool-1 connection adder] DEBUG com.zaxxer.hikari.pool.HikariPool - HikariPool-1 - Added connection conn3: url=jdbc:h2:mem:camunda-spring-boot-test user=SA
07:54:36.332 [HikariPool-1 connection adder] DEBUG com.zaxxer.hikari.pool.HikariPool - HikariPool-1 - Added connection conn4: url=jdbc:h2:mem:camunda-spring-boot-test user=SA
07:54:36.333 [HikariPool-1 connection adder] DEBUG com.zaxxer.hikari.pool.HikariPool - HikariPool-1 - Added connection conn5: url=jdbc:h2:mem:camunda-spring-boot-test user=SA
07:54:36.333 [HikariPool-1 connection adder] DEBUG com.zaxxer.hikari.pool.HikariPool - HikariPool-1 - Added connection conn6: url=jdbc:h2:mem:camunda-spring-boot-test user=SA
07:54:36.335 [HikariPool-1 connection adder] DEBUG com.zaxxer.hikari.pool.HikariPool - HikariPool-1 - Added connection conn7: url=jdbc:h2:mem:camunda-spring-boot-test user=SA
07:54:36.335 [HikariPool-1 connection adder] DEBUG com.zaxxer.hikari.pool.HikariPool - HikariPool-1 - Added connection conn8: url=jdbc:h2:mem:camunda-spring-boot-test user=SA
07:54:36.336 [HikariPool-1 connection adder] DEBUG com.zaxxer.hikari.pool.HikariPool - HikariPool-1 - Added connection conn9: url=jdbc:h2:mem:camunda-spring-boot-test user=SA
07:54:36.336 [HikariPool-1 connection adder] DEBUG com.zaxxer.hikari.pool.HikariPool - HikariPool-1 - After adding stats (total=10, active=0, idle=10, waiting=0)
07:54:40.487 [main] INFO  org.camunda.bpm.connect - CNCT-01004 Discovered provider for connector id 'http-connector' and class 'org.camunda.connect.httpclient.impl.HttpConnectorImpl': 'org.camunda.connect.httpclient.impl.HttpConnectorProviderImpl'
07:54:40.491 [main] INFO  org.camunda.bpm.connect - CNCT-01004 Discovered provider for connector id 'soap-http-connector' and class 'org.camunda.connect.httpclient.soap.impl.SoapHttpConnectorImpl': 'org.camunda.connect.httpclient.soap.impl.SoapHttpConnectorProviderImpl'
07:54:40.682 [main] INFO  org.camunda.bpm.engine.persistence - ENGINE-03016 Performing database operation 'create' on component 'engine' with resource 'org/camunda/bpm/engine/db/create/activiti.h2.create.engine.sql'
07:54:40.753 [main] INFO  org.camunda.bpm.engine.persistence - ENGINE-03016 Performing database operation 'create' on component 'history' with resource 'org/camunda/bpm/engine/db/create/activiti.h2.create.history.sql'
07:54:40.774 [main] INFO  org.camunda.bpm.engine.persistence - ENGINE-03016 Performing database operation 'create' on component 'identity' with resource 'org/camunda/bpm/engine/db/create/activiti.h2.create.identity.sql'
07:54:40.811 [main] INFO  org.camunda.bpm.engine.persistence - ENGINE-03016 Performing database operation 'create' on component 'case.engine' with resource 'org/camunda/bpm/engine/db/create/activiti.h2.create.case.engine.sql'
07:54:40.831 [main] INFO  org.camunda.bpm.engine.persistence - ENGINE-03016 Performing database operation 'create' on component 'case.history' with resource 'org/camunda/bpm/engine/db/create/activiti.h2.create.case.history.sql'
07:54:40.836 [main] INFO  org.camunda.bpm.engine.persistence - ENGINE-03016 Performing database operation 'create' on component 'decision.engine' with resource 'org/camunda/bpm/engine/db/create/activiti.h2.create.decision.engine.sql'
07:54:40.850 [main] INFO  org.camunda.bpm.engine.persistence - ENGINE-03016 Performing database operation 'create' on component 'decision.history' with resource 'org/camunda/bpm/engine/db/create/activiti.h2.create.decision.history.sql'
07:54:40.882 [main] INFO  org.camunda.bpm.engine.persistence - ENGINE-03067 No history level property found in database
07:54:40.882 [main] INFO  org.camunda.bpm.engine.persistence - ENGINE-03065 Creating historyLevel property in database for level: HistoryLevelFull(name=full, id=3)
07:54:40.904 [main] INFO  org.camunda.bpm.engine - ENGINE-00001 Process Engine default created.
07:54:41.419 [main] INFO  o.c.b.s.b.s.r.CamundaJerseyResourceConfig - Configuring camunda rest api.
07:54:41.477 [main] INFO  o.c.b.s.b.s.r.CamundaJerseyResourceConfig - Finished configuring camunda rest api.
07:54:41.782 [main] DEBUG o.h.v.m.ResourceBundleMessageInterpolator - Loaded expression factory via original TCCL
07:54:41.790 [main] DEBUG o.h.v.i.e.AbstractConfigurationImpl - Setting custom MessageInterpolator of type org.springframework.validation.beanvalidation.LocaleContextMessageInterpolator
07:54:41.790 [main] DEBUG o.h.v.i.e.AbstractConfigurationImpl - Setting custom ConstraintValidatorFactory of type org.springframework.validation.beanvalidation.SpringConstraintValidatorFactory
07:54:41.791 [main] DEBUG o.h.v.i.e.AbstractConfigurationImpl - Setting custom ParameterNameProvider of type org.springframework.validation.beanvalidation.LocalValidatorFactoryBean$1
07:54:41.792 [main] DEBUG o.h.v.i.x.config.ValidationXmlParser - Trying to load META-INF/validation.xml for XML based Validator configuration.
07:54:41.792 [main] DEBUG o.h.v.i.x.c.ResourceLoaderHelper - Trying to load META-INF/validation.xml via user class loader
07:54:41.793 [main] DEBUG o.h.v.i.x.c.ResourceLoaderHelper - Trying to load META-INF/validation.xml via TCCL
07:54:41.793 [main] DEBUG o.h.v.i.x.c.ResourceLoaderHelper - Trying to load META-INF/validation.xml via Hibernate Validator's class loader
07:54:41.793 [main] DEBUG o.h.v.i.x.config.ValidationXmlParser - No META-INF/validation.xml found. Using annotation based configuration only.
07:54:41.794 [main] DEBUG o.h.v.i.e.r.TraversableResolvers - Cannot find javax.persistence.Persistence on classpath. Assuming non JPA 2 environment. All properties will per default be traversable.
07:54:41.797 [main] DEBUG o.h.v.i.e.ValidatorFactoryConfigurationHelper - HV000252: Using org.hibernate.validator.internal.engine.DefaultPropertyNodeNameProvider as property node name provider.
07:54:41.797 [main] DEBUG o.h.v.i.e.ValidatorFactoryConfigurationHelper - HV000234: Using org.springframework.validation.beanvalidation.LocaleContextMessageInterpolator as ValidatorFactory-scoped message interpolator.
07:54:41.797 [main] DEBUG o.h.v.i.e.ValidatorFactoryConfigurationHelper - HV000234: Using org.hibernate.validator.internal.engine.resolver.TraverseAllTraversableResolver as ValidatorFactory-scoped traversable resolver.
07:54:41.797 [main] DEBUG o.h.v.i.e.ValidatorFactoryConfigurationHelper - HV000234: Using org.hibernate.validator.internal.util.ExecutableParameterNameProvider as ValidatorFactory-scoped parameter name provider.
07:54:41.798 [main] DEBUG o.h.v.i.e.ValidatorFactoryConfigurationHelper - HV000234: Using org.hibernate.validator.internal.engine.DefaultClockProvider as ValidatorFactory-scoped clock provider.
07:54:41.798 [main] DEBUG o.h.v.i.e.ValidatorFactoryConfigurationHelper - HV000234: Using org.hibernate.validator.internal.engine.scripting.DefaultScriptEvaluatorFactory as ValidatorFactory-scoped script evaluator factory.
07:54:42.050 [main] DEBUG _.s.w.s.HandlerMapping.Mappings - 
	o.s.b.a.w.s.e.BasicErrorController:
	{ [/error], produces [text/html]}: errorHtml(HttpServletRequest,HttpServletResponse)
	{ [/error]}: error(HttpServletRequest)
07:54:42.086 [main] DEBUG _.s.w.s.HandlerMapping.Mappings - 'viewControllerHandlerMapping' {/=ParameterizableViewController [view=org.springframework.web.servlet.view.RedirectView: [RedirectView]; URL [/camunda/app/]]}
07:54:42.099 [main] DEBUG _.s.w.s.HandlerMapping.Mappings - 'beanNameHandlerMapping' {}
07:54:42.141 [main] DEBUG _.s.w.s.HandlerMapping.Mappings - 'resourceHandlerMapping' {/webjars/**=ResourceHttpRequestHandler [classpath [META-INF/resources/webjars/]], /**=ResourceHttpRequestHandler [classpath [META-INF/resources/], classpath [resources/], classpath [static/], classpath [public/], ServletContext [/]], /camunda/lib/**=ResourceHttpRequestHandler [classpath [META-INF/resources/webjars/camunda/lib/]], /camunda/api/**=ResourceHttpRequestHandler [classpath [api/]], /camunda/app/**=ResourceHttpRequestHandler [classpath [META-INF/resources/webjars/camunda/app/]]}
07:54:42.563 [main] INFO  org.camunda.bpm.container - ENGINE-08024 Found processes.xml file at file:/Users/praneeththiruveedhula/Work/workspace/Camunda/IdeaProjects/springboot-dockerization09/target/classes/META-INF/processes.xml
07:54:42.565 [main] INFO  org.camunda.bpm.container - ENGINE-08025 Detected empty processes.xml file, using default values
07:54:42.571 [main] INFO  org.camunda.bpm.container - ENGINE-08023 Deployment summary for process archive 'springboot-dockerization': 

        process.bpmn

07:54:42.831 [main] INFO  org.camunda.bpm.application - ENGINE-07021 ProcessApplication 'springboot-dockerization' registered for DB deployments [1]. Will execute process definitions 

        springboot-dockerization[version: 1, id: springboot-dockerization:1:3]
Deployment does not provide any case definitions.
07:54:42.845 [main] INFO  org.camunda.bpm.container - ENGINE-08050 Process application springboot-dockerization successfully deployed
07:54:42.849 [main] INFO  c.s.s.ProcessUnitTest - Started ProcessUnitTest in 9.793 seconds (JVM running for 11.045)
]]></system-out>
  </testcase>
</testsuite>